<?xml version="1.0" encoding="UTF-8"?>
<!-- Generated by org.testng.reporters.JUnitXMLReporter -->
<testsuite ignored="0" hostname="Furkans-MacBook-Air.local" failures="0" tests="2" name="Default test" time="19.033" errors="0" timestamp="2024-03-09T03:22:22 TRT">
  <testcase classname="SelFrameworkDesign.tests.SubmitOrderTest" name="submitOrder" time="8.817"/>
  <testcase classname="SelFrameworkDesign.tests.SubmitOrderTest" name="OrderHistoryTest" time="1.424"/>
</testsuite> <!-- Default test -->
