<?xml version="1.0" encoding="UTF-8"?>
<!-- Generated by org.testng.reporters.JUnitXMLReporter -->
<testsuite ignored="0" hostname="Furkans-MacBook-Air.local" failures="0" tests="2" name="Error Validation Test" time="15.687" errors="0" timestamp="2024-03-15T01:49:04 TRT">
  <testcase classname="SelFrameworkDesign.tests.ErrorValidationsTest" name="LoginErrorValidation" time="0.716"/>
  <testcase classname="SelFrameworkDesign.tests.ErrorValidationsTest" name="ProductErrorValidation" time="6.797"/>
</testsuite> <!-- Error Validation Test -->
