<?xml version="1.0" encoding="UTF-8"?>
<!-- Generated by org.testng.reporters.JUnitXMLReporter -->
<testsuite ignored="0" hostname="Furkans-MacBook-Air.local" failures="0" tests="3" name="Submit Order Test" time="29.815" errors="0" timestamp="2024-03-15T01:49:17 TRT">
  <testcase classname="SelFrameworkDesign.tests.SubmitOrderTest" name="submitOrder" time="8.238"/>
  <testcase classname="SelFrameworkDesign.tests.SubmitOrderTest" name="submitOrder" time="8.168"/>
  <testcase classname="SelFrameworkDesign.tests.SubmitOrderTest" name="OrderHistoryTest" time="1.306"/>
</testsuite> <!-- Submit Order Test -->
