<?xml version="1.0" encoding="UTF-8"?>
<!-- Generated by org.testng.reporters.JUnitXMLReporter -->
<testsuite ignored="0" hostname="Furkans-MacBook-Air.local" failures="0" tests="3" name="Sutmit Order Test" time="39.202" errors="0" timestamp="2024-03-12T01:41:21 TRT">
  <testcase classname="SelFrameworkDesign.tests.SubmitOrderTest" name="submitOrder" time="8.706"/>
  <testcase classname="SelFrameworkDesign.tests.SubmitOrderTest" name="submitOrder" time="8.19"/>
  <testcase classname="SelFrameworkDesign.tests.SubmitOrderTest" name="OrderHistoryTest" time="1.28"/>
</testsuite> <!-- Sutmit Order Test -->
